java.lang.AssertionError: Method addMoneyToCard(PaymentCard, double) of class PaymentTerminal missing.
	at fi.helsinki.cs.tmc.edutestutils.ReflectionUtils.requireMethod(ReflectionUtils.java:305)
	at fi.helsinki.cs.tmc.edutestutils.ReflectionUtils.requireMethod(ReflectionUtils.java:248)
	at CardPaymentsTest.addMoneyToCard(CardPaymentsTest.java:413)
	at CardPaymentsTest.addingMoneyIncreasesTheBalanceOnTheCard(CardPaymentsTest.java:351)
	at java.base/jdk.internal.reflect.NativeMethodAccessorImpl.invoke0(Native Method)
	at java.base/jdk.internal.reflect.NativeMethodAccessorImpl.invoke(NativeMethodAccessorImpl.java:62)
	at java.base/jdk.internal.reflect.DelegatingMethodAccessorImpl.invoke(DelegatingMethodAccessorImpl.java:43)
	at java.base/java.lang.reflect.Method.invoke(Method.java:566)
	at org.junit.runners.model.FrameworkMethod$1.runReflectiveCall(FrameworkMethod.java:47)
	at org.junit.internal.runners.model.ReflectiveCallable.run(ReflectiveCallable.java:12)
	at org.junit.runners.model.FrameworkMethod.invokeExplosively(FrameworkMethod.java:44)
	at org.junit.internal.runners.statements.InvokeMethod.evaluate(InvokeMethod.java:17)
	at org.junit.internal.runners.statements.RunBefores.evaluate(RunBefores.java:26)
	at org.junit.runners.ParentRunner.runLeaf(ParentRunner.java:271)
	at org.junit.runners.BlockJUnit4ClassRunner.runChild(BlockJUnit4ClassRunner.java:70)
	at org.junit.runners.BlockJUnit4ClassRunner.runChild(BlockJUnit4ClassRunner.java:50)
	at org.junit.runners.ParentRunner$3.run(ParentRunner.java:238)
	at org.junit.runners.ParentRunner$1.schedule(ParentRunner.java:63)
	at org.junit.runners.ParentRunner.runChildren(ParentRunner.java:236)
	at org.junit.runners.ParentRunner.access$000(ParentRunner.java:53)
	at org.junit.runners.ParentRunner$2.evaluate(ParentRunner.java:229)
	at org.junit.runners.ParentRunner.run(ParentRunner.java:309)
	at fi.helsinki.cs.tmc.testrunner.TestRunner$TestingRunnable.runTestCase(TestRunner.java:134)
	at fi.helsinki.cs.tmc.testrunner.TestRunner$TestingRunnable.doRun(TestRunner.java:89)
	at fi.helsinki.cs.tmc.testrunner.TestRunner$TestingRunnable.run(TestRunner.java:70)
	at java.base/java.lang.Thread.run(Thread.java:829)
java.lang.AssertionError: Method addMoneyToCard(PaymentCard, double) of class PaymentTerminal missing.
	at fi.helsinki.cs.tmc.edutestutils.ReflectionUtils.requireMethod(ReflectionUtils.java:305)
	at fi.helsinki.cs.tmc.edutestutils.ReflectionUtils.requireMethod(ReflectionUtils.java:248)
	at CardPaymentsTest.addMoneyToCard(CardPaymentsTest.java:413)
	at CardPaymentsTest.addingNegativeAmountDoesNotChangeCardBalance(CardPaymentsTest.java:366)
	at java.base/jdk.internal.reflect.NativeMethodAccessorImpl.invoke0(Native Method)
	at java.base/jdk.internal.reflect.NativeMethodAccessorImpl.invoke(NativeMethodAccessorImpl.java:62)
	at java.base/jdk.internal.reflect.DelegatingMethodAccessorImpl.invoke(DelegatingMethodAccessorImpl.java:43)
	at java.base/java.lang.reflect.Method.invoke(Method.java:566)
	at org.junit.runners.model.FrameworkMethod$1.runReflectiveCall(FrameworkMethod.java:47)
	at org.junit.internal.runners.model.ReflectiveCallable.run(ReflectiveCallable.java:12)
	at org.junit.runners.model.FrameworkMethod.invokeExplosively(FrameworkMethod.java:44)
	at org.junit.internal.runners.statements.InvokeMethod.evaluate(InvokeMethod.java:17)
	at org.junit.internal.runners.statements.RunBefores.evaluate(RunBefores.java:26)
	at org.junit.runners.ParentRunner.runLeaf(ParentRunner.java:271)
	at org.junit.runners.BlockJUnit4ClassRunner.runChild(BlockJUnit4ClassRunner.java:70)
	at org.junit.runners.BlockJUnit4ClassRunner.runChild(BlockJUnit4ClassRunner.java:50)
	at org.junit.runners.ParentRunner$3.run(ParentRunner.java:238)
	at org.junit.runners.ParentRunner$1.schedule(ParentRunner.java:63)
	at org.junit.runners.ParentRunner.runChildren(ParentRunner.java:236)
	at org.junit.runners.ParentRunner.access$000(ParentRunner.java:53)
	at org.junit.runners.ParentRunner$2.evaluate(ParentRunner.java:229)
	at org.junit.runners.ParentRunner.run(ParentRunner.java:309)
	at fi.helsinki.cs.tmc.testrunner.TestRunner$TestingRunnable.runTestCase(TestRunner.java:134)
	at fi.helsinki.cs.tmc.testrunner.TestRunner$TestingRunnable.doRun(TestRunner.java:89)
	at fi.helsinki.cs.tmc.testrunner.TestRunner$TestingRunnable.run(TestRunner.java:70)
	at java.base/java.lang.Thread.run(Thread.java:829)
java.lang.AssertionError: Method addMoneyToCard(PaymentCard, double) of class PaymentTerminal missing.
	at fi.helsinki.cs.tmc.edutestutils.ReflectionUtils.requireMethod(ReflectionUtils.java:305)
	at fi.helsinki.cs.tmc.edutestutils.ReflectionUtils.requireMethod(ReflectionUtils.java:248)
	at CardPaymentsTest.addMoneyToCard(CardPaymentsTest.java:413)
	at CardPaymentsTest.addingMoneyMultipleTimesWorks(CardPaymentsTest.java:388)
	at java.base/jdk.internal.reflect.NativeMethodAccessorImpl.invoke0(Native Method)
	at java.base/jdk.internal.reflect.NativeMethodAccessorImpl.invoke(NativeMethodAccessorImpl.java:62)
	at java.base/jdk.internal.reflect.DelegatingMethodAccessorImpl.invoke(DelegatingMethodAccessorImpl.java:43)
	at java.base/java.lang.reflect.Method.invoke(Method.java:566)
	at org.junit.runners.model.FrameworkMethod$1.runReflectiveCall(FrameworkMethod.java:47)
	at org.junit.internal.runners.model.ReflectiveCallable.run(ReflectiveCallable.java:12)
	at org.junit.runners.model.FrameworkMethod.invokeExplosively(FrameworkMethod.java:44)
	at org.junit.internal.runners.statements.InvokeMethod.evaluate(InvokeMethod.java:17)
	at org.junit.internal.runners.statements.RunBefores.evaluate(RunBefores.java:26)
	at org.junit.runners.ParentRunner.runLeaf(ParentRunner.java:271)
	at org.junit.runners.BlockJUnit4ClassRunner.runChild(BlockJUnit4ClassRunner.java:70)
	at org.junit.runners.BlockJUnit4ClassRunner.runChild(BlockJUnit4ClassRunner.java:50)
	at org.junit.runners.ParentRunner$3.run(ParentRunner.java:238)
	at org.junit.runners.ParentRunner$1.schedule(ParentRunner.java:63)
	at org.junit.runners.ParentRunner.runChildren(ParentRunner.java:236)
	at org.junit.runners.ParentRunner.access$000(ParentRunner.java:53)
	at org.junit.runners.ParentRunner$2.evaluate(ParentRunner.java:229)
	at org.junit.runners.ParentRunner.run(ParentRunner.java:309)
	at fi.helsinki.cs.tmc.testrunner.TestRunner$TestingRunnable.runTestCase(TestRunner.java:134)
	at fi.helsinki.cs.tmc.testrunner.TestRunner$TestingRunnable.doRun(TestRunner.java:89)
	at fi.helsinki.cs.tmc.testrunner.TestRunner$TestingRunnable.run(TestRunner.java:70)
	at java.base/java.lang.Thread.run(Thread.java:829)
